c:\users\user\desktop\vending_machine(完成版)\vending_machine\debug\vending_machine.pch
c:\users\user\desktop\vending_machine(完成版)\vending_machine\debug\vc140.pdb
c:\users\user\desktop\vending_machine(完成版)\vending_machine\debug\stdafx.obj
c:\users\user\desktop\vending_machine(完成版)\vending_machine\debug\vending_machine.obj
c:\users\user\desktop\vending_machine(完成版)\vending_machine\debug\machine.obj
c:\users\user\desktop\vending_machine(完成版)\vending_machine\debug\goods.obj
c:\users\user\desktop\vending_machine(完成版)\vending_machine\debug\assemblyinfo.obj
c:\users\user\desktop\vending_machine(完成版)\vending_machine\debug\.netframework,version=v4.0.assemblyattributes.obj
c:\users\user\desktop\vending_machine(完成版)\vending_machine\debug\.netframework,version=v4.0.assemblyattributes.asm
c:\users\user\desktop\vending_machine(完成版)\debug\vending_machine.exe
c:\users\user\desktop\vending_machine(完成版)\debug\vending_machine.pdb
c:\users\user\desktop\vending_machine(完成版)\vending_machine\debug\app.res
c:\users\user\desktop\vending_machine(完成版)\vending_machine\debug\vending_machine.form1.resources
c:\users\user\desktop\vending_machine(完成版)\vending_machine\debug\vending_machine.vcxproj.generateresource.cache
c:\users\user\desktop\vending_machine(完成版)\vending_machine\debug\vending_machine.vcxprojresolveassemblyreference.cache
c:\users\user\desktop\vending_machine(完成版)\vending_machine\debug\vending_machine.tlog\cl.command.1.tlog
c:\users\user\desktop\vending_machine(完成版)\vending_machine\debug\vending_machine.tlog\cl.read.1.tlog
c:\users\user\desktop\vending_machine(完成版)\vending_machine\debug\vending_machine.tlog\cl.write.1.tlog
c:\users\user\desktop\vending_machine(完成版)\vending_machine\debug\vending_machine.tlog\link.command.1.tlog
c:\users\user\desktop\vending_machine(完成版)\vending_machine\debug\vending_machine.tlog\link.read.1.tlog
c:\users\user\desktop\vending_machine(完成版)\vending_machine\debug\vending_machine.tlog\link.write.1.tlog
c:\users\user\desktop\vending_machine(完成版)\vending_machine\debug\vending_machine.tlog\metagen.read.1.tlog
c:\users\user\desktop\vending_machine(完成版)\vending_machine\debug\vending_machine.tlog\metagen.write.1.tlog
c:\users\user\desktop\vending_machine(完成版)\vending_machine\debug\vending_machine.tlog\rc.command.1.tlog
c:\users\user\desktop\vending_machine(完成版)\vending_machine\debug\vending_machine.tlog\rc.read.1.tlog
c:\users\user\desktop\vending_machine(完成版)\vending_machine\debug\vending_machine.tlog\rc.write.1.tlog
c:\users\user\desktop\vending_machine(完成版)\vending_machine\debug\vending_machine.tlog\vending_machine.write.1u.tlog
c:\users\user\desktop\vending_machine(完成版)\vending_machine\debug\vending_machine.tlog\tzres.dll.bi
